2023.08.18 10:58:46 INFO  Started: Metals version 1.0.0 in folders 'C:\Users\黄之桥\github-classroom\cicvedu\rust-rustlings-Jeffery-qiao' for client Visual Studio Code 1.81.1.
八月 18, 2023 10:58:46 上午 org.flywaydb.core.internal.license.VersionPrinter printVersionOnly
信息: Flyway Community Edition 9.20.1 by Redgate
八月 18, 2023 10:58:46 上午 org.flywaydb.core.internal.license.VersionPrinter printVersion
信息: See release notes here: https://rd.gt/416ObMi
八月 18, 2023 10:58:46 上午 org.flywaydb.core.internal.license.VersionPrinter printVersion
信息: 
八月 18, 2023 10:58:46 上午 org.flywaydb.core.internal.database.base.BaseDatabaseType createDatabase
信息: Database: jdbc:h2:file:C:\Users\黄之桥\github-classroom\cicvedu\rust-rustlings-Jeffery-qiao\.metals\metals (H2 2.1)
八月 18, 2023 10:58:46 上午 org.flywaydb.core.internal.schemahistory.JdbcTableSchemaHistory allAppliedMigrations
信息: Schema history table "PUBLIC"."flyway_schema_history" does not exist yet
八月 18, 2023 10:58:46 上午 org.flywaydb.core.internal.command.DbValidate validate
信息: Successfully validated 4 migrations (execution time 00:00.014s)
八月 18, 2023 10:58:46 上午 org.flywaydb.core.internal.schemahistory.JdbcTableSchemaHistory create
信息: Creating Schema History table "PUBLIC"."flyway_schema_history" ...
八月 18, 2023 10:58:46 上午 org.flywaydb.core.internal.command.DbMigrate migrateGroup
信息: Current version of schema "PUBLIC": << Empty Schema >>
八月 18, 2023 10:58:46 上午 org.flywaydb.core.internal.command.DbMigrate doMigrateGroup
信息: Migrating schema "PUBLIC" to version "1 - Create tables"
八月 18, 2023 10:58:46 上午 org.flywaydb.core.internal.command.DbMigrate doMigrateGroup
信息: Migrating schema "PUBLIC" to version "2 - Server discovery"
八月 18, 2023 10:58:46 上午 org.flywaydb.core.internal.command.DbMigrate doMigrateGroup
信息: Migrating schema "PUBLIC" to version "3 - Jar symbols"
八月 18, 2023 10:58:46 上午 org.flywaydb.core.internal.command.DbMigrate doMigrateGroup
信息: Migrating schema "PUBLIC" to version "4 - Fingerprints"
八月 18, 2023 10:58:46 上午 org.flywaydb.core.internal.command.DbMigrate logSummary
信息: Successfully applied 4 migrations to schema "PUBLIC", now at version v4 (execution time 00:00.016s)
2023.08.18 10:58:46 INFO  time: initialize in 0.49s
2023.08.18 10:58:47 WARN  Build server is not auto-connectable.
2023.08.18 10:58:47 WARN  no build tool detected in workspace 'C:\Users\黄之桥\github-classroom\cicvedu\rust-rustlings-Jeffery-qiao'. The most common cause for this problem is that the editor was opened in the wrong working directory, for example if you use sbt then the workspace directory should contain build.sbt. 
2023.08.18 13:28:45 INFO  Shutting down server
2023.08.18 13:28:45 INFO  shutting down Metals
2023.08.18 13:28:45 INFO  Exiting server
